********************************************************************************
DUPLICATOR-LITE PACKAGE-LOG: 31 de March de 2020 05:24
NOTICE: Do NOT post to public sites or forums 
********************************************************************************
VERSION:	1.3.24
WORDPRESS:	5.3
PHP INFO:	7.0.33 | SAPI: cgi-fcgi
SERVER:		Apache/2.4.6 () mod_fcgid/2.3.9 mod_wsgi/3.4 Python/2.7.5 
PHP TIME LIMIT: (0) no time limit imposed 
PHP MAX MEMORY: 4294967296 (128M default) 
MEMORY STACK: 4MB
[CTRL DUP ARCIVE] PACKAGE AS NEW ID 2 SAVED | STATUS:0
[DUP ARCHIVE] BUILDING DATABASE

********************************************************************************
DATABASE:
********************************************************************************
BUILD MODE:   MYSQLDUMP
MYSQLTIMEOUT: 5000
MYSQLDUMP:    Is Supported
SQL CREATED: 20200331_histonline_6d83368a94ac3eea5512_20200331052400_database.sql
SQL FILE SIZE: 672.34KB (688473)
SQL FILE TIME: 2020-03-31 05:24:07
SQL RUNTIME: 0.84 sec.
[DUP ARCHIVE] VALIDATING DATABASE
[DUP ARCHIVE] DONE DATABASE

********************************************************************************
ARCHIVE Type=DUP Mode=DupArchive
********************************************************************************
ARCHIVE DIR:  /sites/histonline.ics.ufba.br/public_html/adm
ARCHIVE FILE: 20200331_histonline_6d83368a94ac3eea5512_20200331052400_archive.daf
FILTERS: *OFF*
DIRS:
	not set
FILES:
	not set
EXTS:  not set
----------------------------------------
COMPRESSING
SIZE:	71.16MB
STATS:	Dirs 273 | Files 2,545 | Total 2,818
[DUP ARCHIVE] DONE ARCHIVE
building installer
add_extra_files1
add_extra_files2
add_extra_files3
add_extra_files4
Doing archive file check
add_extra_files5
add_extra_files6
add_extra_files7
add_extra_files_using_da1
Adding enhanced installer files to archive using DupArchive
[DUP ARCHIVE] DONE ARCHIVE
COMPRESSED SIZE: 31.99MB
ARCHIVE RUNTIME: 7.16 sec.
MEMORY STACK: 6MB
CREATE WARNINGS: No warnings.
VALIDATION WARNINGS: No warnings.
[DUP ARCHIVE] DONE ARCHIVE
[DUP ARCHIVE] HAS COMPLETED CLOSING
[DUP ARCHIVE] DUP ARCHIVE INTEGRITY CHECK

********************************************************************************
INTEGRITY CHECKS:
********************************************************************************
SQL FILE: 672.34KB
INSTALLER FILE: 74.4KB
ARCHIVE FILE: 31.99MB 
EXPECTED FILE/DIRECTORY COUNT: 2,998
ACTUAL FILE/DIRECTORY COUNT: 2,998

********************************************************************************
RECORD ID:[2]
TOTAL PROCESS RUNTIME: 7.17 sec.
PEAK PHP MEMORY USED: 6MB
DONE PROCESSING => 20200331_histonline 2020-03-31 05:24:13

